                                      1 ;--------------------------------------------------------
                                      2 ; File Created by SDCC : free open source ANSI-C Compiler
                                      3 ; Version 3.5.0 #9253 (Apr  3 2018) (Linux)
                                      4 ; This file was generated Sat Jan 12 21:58:16 2019
                                      5 ;--------------------------------------------------------
                                      6 	.module cooperative
                                      7 	.optsdcc -mmcs51 --model-small
                                      8 	
                                      9 ;--------------------------------------------------------
                                     10 ; Public variables in this module
                                     11 ;--------------------------------------------------------
                                     12 	.globl _Bootstrap
                                     13 	.globl _main
                                     14 	.globl _CY
                                     15 	.globl _AC
                                     16 	.globl _F0
                                     17 	.globl _RS1
                                     18 	.globl _RS0
                                     19 	.globl _OV
                                     20 	.globl _F1
                                     21 	.globl _P
                                     22 	.globl _PS
                                     23 	.globl _PT1
                                     24 	.globl _PX1
                                     25 	.globl _PT0
                                     26 	.globl _PX0
                                     27 	.globl _RD
                                     28 	.globl _WR
                                     29 	.globl _T1
                                     30 	.globl _T0
                                     31 	.globl _INT1
                                     32 	.globl _INT0
                                     33 	.globl _TXD
                                     34 	.globl _RXD
                                     35 	.globl _P3_7
                                     36 	.globl _P3_6
                                     37 	.globl _P3_5
                                     38 	.globl _P3_4
                                     39 	.globl _P3_3
                                     40 	.globl _P3_2
                                     41 	.globl _P3_1
                                     42 	.globl _P3_0
                                     43 	.globl _EA
                                     44 	.globl _ES
                                     45 	.globl _ET1
                                     46 	.globl _EX1
                                     47 	.globl _ET0
                                     48 	.globl _EX0
                                     49 	.globl _P2_7
                                     50 	.globl _P2_6
                                     51 	.globl _P2_5
                                     52 	.globl _P2_4
                                     53 	.globl _P2_3
                                     54 	.globl _P2_2
                                     55 	.globl _P2_1
                                     56 	.globl _P2_0
                                     57 	.globl _SM0
                                     58 	.globl _SM1
                                     59 	.globl _SM2
                                     60 	.globl _REN
                                     61 	.globl _TB8
                                     62 	.globl _RB8
                                     63 	.globl _TI
                                     64 	.globl _RI
                                     65 	.globl _P1_7
                                     66 	.globl _P1_6
                                     67 	.globl _P1_5
                                     68 	.globl _P1_4
                                     69 	.globl _P1_3
                                     70 	.globl _P1_2
                                     71 	.globl _P1_1
                                     72 	.globl _P1_0
                                     73 	.globl _TF1
                                     74 	.globl _TR1
                                     75 	.globl _TF0
                                     76 	.globl _TR0
                                     77 	.globl _IE1
                                     78 	.globl _IT1
                                     79 	.globl _IE0
                                     80 	.globl _IT0
                                     81 	.globl _P0_7
                                     82 	.globl _P0_6
                                     83 	.globl _P0_5
                                     84 	.globl _P0_4
                                     85 	.globl _P0_3
                                     86 	.globl _P0_2
                                     87 	.globl _P0_1
                                     88 	.globl _P0_0
                                     89 	.globl _B
                                     90 	.globl _ACC
                                     91 	.globl _PSW
                                     92 	.globl _IP
                                     93 	.globl _P3
                                     94 	.globl _IE
                                     95 	.globl _P2
                                     96 	.globl _SBUF
                                     97 	.globl _SCON
                                     98 	.globl _P1
                                     99 	.globl _TH1
                                    100 	.globl _TH0
                                    101 	.globl _TL1
                                    102 	.globl _TL0
                                    103 	.globl _TMOD
                                    104 	.globl _TCON
                                    105 	.globl _PCON
                                    106 	.globl _DPH
                                    107 	.globl _DPL
                                    108 	.globl _SP
                                    109 	.globl _P0
                                    110 	.globl _i
                                    111 	.globl _temp2
                                    112 	.globl _temp1
                                    113 	.globl _manager_ID
                                    114 	.globl _ID
                                    115 	.globl _bitmap
                                    116 	.globl _ssp
                                    117 	.globl _ThreadCreate
                                    118 	.globl _ThreadYield
                                    119 	.globl _ThreadExit
                                    120 ;--------------------------------------------------------
                                    121 ; special function registers
                                    122 ;--------------------------------------------------------
                                    123 	.area RSEG    (ABS,DATA)
      000000                        124 	.org 0x0000
                           000080   125 _P0	=	0x0080
                           000081   126 _SP	=	0x0081
                           000082   127 _DPL	=	0x0082
                           000083   128 _DPH	=	0x0083
                           000087   129 _PCON	=	0x0087
                           000088   130 _TCON	=	0x0088
                           000089   131 _TMOD	=	0x0089
                           00008A   132 _TL0	=	0x008a
                           00008B   133 _TL1	=	0x008b
                           00008C   134 _TH0	=	0x008c
                           00008D   135 _TH1	=	0x008d
                           000090   136 _P1	=	0x0090
                           000098   137 _SCON	=	0x0098
                           000099   138 _SBUF	=	0x0099
                           0000A0   139 _P2	=	0x00a0
                           0000A8   140 _IE	=	0x00a8
                           0000B0   141 _P3	=	0x00b0
                           0000B8   142 _IP	=	0x00b8
                           0000D0   143 _PSW	=	0x00d0
                           0000E0   144 _ACC	=	0x00e0
                           0000F0   145 _B	=	0x00f0
                                    146 ;--------------------------------------------------------
                                    147 ; special function bits
                                    148 ;--------------------------------------------------------
                                    149 	.area RSEG    (ABS,DATA)
      000000                        150 	.org 0x0000
                           000080   151 _P0_0	=	0x0080
                           000081   152 _P0_1	=	0x0081
                           000082   153 _P0_2	=	0x0082
                           000083   154 _P0_3	=	0x0083
                           000084   155 _P0_4	=	0x0084
                           000085   156 _P0_5	=	0x0085
                           000086   157 _P0_6	=	0x0086
                           000087   158 _P0_7	=	0x0087
                           000088   159 _IT0	=	0x0088
                           000089   160 _IE0	=	0x0089
                           00008A   161 _IT1	=	0x008a
                           00008B   162 _IE1	=	0x008b
                           00008C   163 _TR0	=	0x008c
                           00008D   164 _TF0	=	0x008d
                           00008E   165 _TR1	=	0x008e
                           00008F   166 _TF1	=	0x008f
                           000090   167 _P1_0	=	0x0090
                           000091   168 _P1_1	=	0x0091
                           000092   169 _P1_2	=	0x0092
                           000093   170 _P1_3	=	0x0093
                           000094   171 _P1_4	=	0x0094
                           000095   172 _P1_5	=	0x0095
                           000096   173 _P1_6	=	0x0096
                           000097   174 _P1_7	=	0x0097
                           000098   175 _RI	=	0x0098
                           000099   176 _TI	=	0x0099
                           00009A   177 _RB8	=	0x009a
                           00009B   178 _TB8	=	0x009b
                           00009C   179 _REN	=	0x009c
                           00009D   180 _SM2	=	0x009d
                           00009E   181 _SM1	=	0x009e
                           00009F   182 _SM0	=	0x009f
                           0000A0   183 _P2_0	=	0x00a0
                           0000A1   184 _P2_1	=	0x00a1
                           0000A2   185 _P2_2	=	0x00a2
                           0000A3   186 _P2_3	=	0x00a3
                           0000A4   187 _P2_4	=	0x00a4
                           0000A5   188 _P2_5	=	0x00a5
                           0000A6   189 _P2_6	=	0x00a6
                           0000A7   190 _P2_7	=	0x00a7
                           0000A8   191 _EX0	=	0x00a8
                           0000A9   192 _ET0	=	0x00a9
                           0000AA   193 _EX1	=	0x00aa
                           0000AB   194 _ET1	=	0x00ab
                           0000AC   195 _ES	=	0x00ac
                           0000AF   196 _EA	=	0x00af
                           0000B0   197 _P3_0	=	0x00b0
                           0000B1   198 _P3_1	=	0x00b1
                           0000B2   199 _P3_2	=	0x00b2
                           0000B3   200 _P3_3	=	0x00b3
                           0000B4   201 _P3_4	=	0x00b4
                           0000B5   202 _P3_5	=	0x00b5
                           0000B6   203 _P3_6	=	0x00b6
                           0000B7   204 _P3_7	=	0x00b7
                           0000B0   205 _RXD	=	0x00b0
                           0000B1   206 _TXD	=	0x00b1
                           0000B2   207 _INT0	=	0x00b2
                           0000B3   208 _INT1	=	0x00b3
                           0000B4   209 _T0	=	0x00b4
                           0000B5   210 _T1	=	0x00b5
                           0000B6   211 _WR	=	0x00b6
                           0000B7   212 _RD	=	0x00b7
                           0000B8   213 _PX0	=	0x00b8
                           0000B9   214 _PT0	=	0x00b9
                           0000BA   215 _PX1	=	0x00ba
                           0000BB   216 _PT1	=	0x00bb
                           0000BC   217 _PS	=	0x00bc
                           0000D0   218 _P	=	0x00d0
                           0000D1   219 _F1	=	0x00d1
                           0000D2   220 _OV	=	0x00d2
                           0000D3   221 _RS0	=	0x00d3
                           0000D4   222 _RS1	=	0x00d4
                           0000D5   223 _F0	=	0x00d5
                           0000D6   224 _AC	=	0x00d6
                           0000D7   225 _CY	=	0x00d7
                                    226 ;--------------------------------------------------------
                                    227 ; overlayable register banks
                                    228 ;--------------------------------------------------------
                                    229 	.area REG_BANK_0	(REL,OVR,DATA)
      000000                        230 	.ds 8
                                    231 ;--------------------------------------------------------
                                    232 ; internal ram data
                                    233 ;--------------------------------------------------------
                                    234 	.area DSEG    (DATA)
                                    235 ;--------------------------------------------------------
                                    236 ; overlayable items in internal ram 
                                    237 ;--------------------------------------------------------
                                    238 	.area	OSEG    (OVR,DATA)
                                    239 ;--------------------------------------------------------
                                    240 ; indirectly addressable internal ram data
                                    241 ;--------------------------------------------------------
                                    242 	.area ISEG    (DATA)
                           000020   243 _ssp	=	0x0020
                           000024   244 _bitmap	=	0x0024
                           000028   245 _ID	=	0x0028
                           000029   246 _manager_ID	=	0x0029
                           00002A   247 _temp1	=	0x002a
                           00002B   248 _temp2	=	0x002b
                           00002C   249 _i	=	0x002c
                                    250 ;--------------------------------------------------------
                                    251 ; absolute internal ram data
                                    252 ;--------------------------------------------------------
                                    253 	.area IABS    (ABS,DATA)
                                    254 	.area IABS    (ABS,DATA)
                                    255 ;--------------------------------------------------------
                                    256 ; bit data
                                    257 ;--------------------------------------------------------
                                    258 	.area BSEG    (BIT)
                                    259 ;--------------------------------------------------------
                                    260 ; paged external ram data
                                    261 ;--------------------------------------------------------
                                    262 	.area PSEG    (PAG,XDATA)
                                    263 ;--------------------------------------------------------
                                    264 ; external ram data
                                    265 ;--------------------------------------------------------
                                    266 	.area XSEG    (XDATA)
                                    267 ;--------------------------------------------------------
                                    268 ; absolute external ram data
                                    269 ;--------------------------------------------------------
                                    270 	.area XABS    (ABS,XDATA)
                                    271 ;--------------------------------------------------------
                                    272 ; external initialized ram data
                                    273 ;--------------------------------------------------------
                                    274 	.area XISEG   (XDATA)
                                    275 	.area HOME    (CODE)
                                    276 	.area GSINIT0 (CODE)
                                    277 	.area GSINIT1 (CODE)
                                    278 	.area GSINIT2 (CODE)
                                    279 	.area GSINIT3 (CODE)
                                    280 	.area GSINIT4 (CODE)
                                    281 	.area GSINIT5 (CODE)
                                    282 	.area GSINIT  (CODE)
                                    283 	.area GSFINAL (CODE)
                                    284 	.area CSEG    (CODE)
                                    285 ;--------------------------------------------------------
                                    286 ; global & static initialisations
                                    287 ;--------------------------------------------------------
                                    288 	.area HOME    (CODE)
                                    289 	.area GSINIT  (CODE)
                                    290 	.area GSFINAL (CODE)
                                    291 	.area GSINIT  (CODE)
                                    292 ;--------------------------------------------------------
                                    293 ; Home
                                    294 ;--------------------------------------------------------
                                    295 	.area HOME    (CODE)
                                    296 	.area HOME    (CODE)
                                    297 ;--------------------------------------------------------
                                    298 ; code
                                    299 ;--------------------------------------------------------
                                    300 	.area CSEG    (CODE)
                                    301 ;------------------------------------------------------------
                                    302 ;Allocation info for local variables in function 'Bootstrap'
                                    303 ;------------------------------------------------------------
                                    304 ;	cooperative.c:37: void Bootstrap(void) {
                                    305 ;	-----------------------------------------
                                    306 ;	 function Bootstrap
                                    307 ;	-----------------------------------------
      000000                        308 _Bootstrap:
                           000007   309 	ar7 = 0x07
                           000006   310 	ar6 = 0x06
                           000005   311 	ar5 = 0x05
                           000004   312 	ar4 = 0x04
                           000003   313 	ar3 = 0x03
                           000002   314 	ar2 = 0x02
                           000001   315 	ar1 = 0x01
                           000000   316 	ar0 = 0x00
                                    317 ;	cooperative.c:38: bitmap[0] = bitmap[1] = bitmap[2] = bitmap[3] = 0;
      000000 78 27            [12]  318 	mov	r0,#(_bitmap + 0x0003)
      000002 76 00            [12]  319 	mov	@r0,#0x00
      000004 78 26            [12]  320 	mov	r0,#(_bitmap + 0x0002)
      000006 76 00            [12]  321 	mov	@r0,#0x00
      000008 78 25            [12]  322 	mov	r0,#(_bitmap + 0x0001)
      00000A 76 00            [12]  323 	mov	@r0,#0x00
      00000C 78 24            [12]  324 	mov	r0,#_bitmap
      00000E 76 00            [12]  325 	mov	@r0,#0x00
                                    326 ;	cooperative.c:39: ID = ThreadCreate(main);
      000010 90r00r00         [24]  327 	mov	dptr,#_main
      000013 12r00r2E         [24]  328 	lcall	_ThreadCreate
      000016 E5 82            [12]  329 	mov	a,dpl
      000018 78 28            [12]  330 	mov	r0,#_ID
      00001A F6               [12]  331 	mov	@r0,a
                                    332 ;	cooperative.c:40: RESTORESTATE;
      00001B 78 28            [12]  333 	mov	r0,#_ID
      00001D E6               [12]  334 	mov	a,@r0
      00001E 24 20            [12]  335 	add	a,#_ssp
      000020 F9               [12]  336 	mov	r1,a
      000021 87 81            [24]  337 	mov	_SP,@r1
      000023 D0 D0            [24]  338 	pop PSW 
      000025 D0 83            [24]  339 	pop DPH 
      000027 D0 82            [24]  340 	pop DPL 
      000029 D0 F0            [24]  341 	pop B 
      00002B D0 E0            [24]  342 	pop ACC 
      00002D 22               [24]  343 	ret
                                    344 ;------------------------------------------------------------
                                    345 ;Allocation info for local variables in function 'ThreadCreate'
                                    346 ;------------------------------------------------------------
                                    347 ;fp                        Allocated to registers 
                                    348 ;------------------------------------------------------------
                                    349 ;	cooperative.c:43: ThreadID ThreadCreate(FunctionPtr fp) {
                                    350 ;	-----------------------------------------
                                    351 ;	 function ThreadCreate
                                    352 ;	-----------------------------------------
      00002E                        353 _ThreadCreate:
                                    354 ;	cooperative.c:44: for(i=0;i<MAXTHREADS;i++) if(!bitmap[i]) break;
      00002E 78 2C            [12]  355 	mov	r0,#_i
      000030 76 00            [12]  356 	mov	@r0,#0x00
      000032                        357 00107$:
      000032 78 2C            [12]  358 	mov	r0,#_i
      000034 C3               [12]  359 	clr	c
      000035 E6               [12]  360 	mov	a,@r0
      000036 64 80            [12]  361 	xrl	a,#0x80
      000038 94 84            [12]  362 	subb	a,#0x84
      00003A 50 0E            [24]  363 	jnc	00103$
      00003C 78 2C            [12]  364 	mov	r0,#_i
      00003E E6               [12]  365 	mov	a,@r0
      00003F 24 24            [12]  366 	add	a,#_bitmap
      000041 F9               [12]  367 	mov	r1,a
      000042 E7               [12]  368 	mov	a,@r1
      000043 60 05            [24]  369 	jz	00103$
      000045 78 2C            [12]  370 	mov	r0,#_i
      000047 06               [12]  371 	inc	@r0
      000048 80 E8            [24]  372 	sjmp	00107$
      00004A                        373 00103$:
                                    374 ;	cooperative.c:45: if(i==MAXTHREADS) return -1;
      00004A 78 2C            [12]  375 	mov	r0,#_i
      00004C B6 04 04         [24]  376 	cjne	@r0,#0x04,00105$
      00004F 75 82 FF         [24]  377 	mov	dpl,#0xFF
      000052 22               [24]  378 	ret
      000053                        379 00105$:
                                    380 ;	cooperative.c:47: bitmap[i] = 1;
      000053 78 2C            [12]  381 	mov	r0,#_i
      000055 E6               [12]  382 	mov	a,@r0
      000056 24 24            [12]  383 	add	a,#_bitmap
      000058 F8               [12]  384 	mov	r0,a
      000059 76 01            [12]  385 	mov	@r0,#0x01
                                    386 ;	cooperative.c:48: temp1 = SP;
      00005B 78 2A            [12]  387 	mov	r0,#_temp1
      00005D A6 81            [24]  388 	mov	@r0,_SP
                                    389 ;	cooperative.c:49: SP = 0x3F + i*0x10;
      00005F 78 2C            [12]  390 	mov	r0,#_i
      000061 E6               [12]  391 	mov	a,@r0
      000062 C4               [12]  392 	swap	a
      000063 54 F0            [12]  393 	anl	a,#0xF0
      000065 FF               [12]  394 	mov	r7,a
      000066 24 3F            [12]  395 	add	a,#0x3F
      000068 F5 81            [12]  396 	mov	_SP,a
                                    397 ;	cooperative.c:59: __endasm;
      00006A C0 82            [24]  398 	push DPL
      00006C C0 83            [24]  399 	push DPH
      00006E 74 00            [12]  400 	mov a,#0x00
      000070 C0 E0            [24]  401 	push a
      000072 C0 E0            [24]  402 	push a
      000074 C0 E0            [24]  403 	push a
      000076 C0 E0            [24]  404 	push a
                                    405 ;	cooperative.c:60: temp2 = i<<3;
      000078 78 2C            [12]  406 	mov	r0,#_i
      00007A 79 2B            [12]  407 	mov	r1,#_temp2
      00007C E6               [12]  408 	mov	a,@r0
      00007D C4               [12]  409 	swap	a
      00007E 03               [12]  410 	rr	a
      00007F 54 F8            [12]  411 	anl	a,#0xF8
      000081 F7               [12]  412 	mov	@r1,a
                                    413 ;	cooperative.c:63: __endasm;
      000082 C0 2B            [24]  414 	push _temp2
                                    415 ;	cooperative.c:65: ssp[i] = SP;
      000084 78 2C            [12]  416 	mov	r0,#_i
      000086 E6               [12]  417 	mov	a,@r0
      000087 24 20            [12]  418 	add	a,#_ssp
      000089 F8               [12]  419 	mov	r0,a
      00008A A6 81            [24]  420 	mov	@r0,_SP
                                    421 ;	cooperative.c:66: SP = temp1;
      00008C 78 2A            [12]  422 	mov	r0,#_temp1
      00008E 86 81            [24]  423 	mov	_SP,@r0
                                    424 ;	cooperative.c:67: return i;
      000090 78 2C            [12]  425 	mov	r0,#_i
      000092 86 82            [24]  426 	mov	dpl,@r0
      000094 22               [24]  427 	ret
                                    428 ;------------------------------------------------------------
                                    429 ;Allocation info for local variables in function 'ThreadYield'
                                    430 ;------------------------------------------------------------
                                    431 ;	cooperative.c:70: void ThreadYield(void) {
                                    432 ;	-----------------------------------------
                                    433 ;	 function ThreadYield
                                    434 ;	-----------------------------------------
      000095                        435 _ThreadYield:
                                    436 ;	cooperative.c:71: SAVESTATE;
      000095 C0 E0            [24]  437 	push ACC 
      000097 C0 F0            [24]  438 	push B 
      000099 C0 82            [24]  439 	push DPL 
      00009B C0 83            [24]  440 	push DPH 
      00009D C0 D0            [24]  441 	push PSW 
      00009F C2 D4            [12]  442 	clr RS1 
      0000A1 C2 D3            [12]  443 	clr RS0 
      0000A3 78 28            [12]  444 	mov	r0,#_ID
      0000A5 E6               [12]  445 	mov	a,@r0
      0000A6 24 20            [12]  446 	add	a,#_ssp
      0000A8 F8               [12]  447 	mov	r0,a
      0000A9 A6 81            [24]  448 	mov	@r0,_SP
                                    449 ;	cooperative.c:72: do {
      0000AB                        450 00103$:
                                    451 ;	cooperative.c:73: ID = (ID==MAXTHREADS-1) ? 0 : ID+1;
      0000AB 78 28            [12]  452 	mov	r0,#_ID
      0000AD B6 03 04         [24]  453 	cjne	@r0,#0x03,00108$
      0000B0 7F 00            [12]  454 	mov	r7,#0x00
      0000B2 80 05            [24]  455 	sjmp	00109$
      0000B4                        456 00108$:
      0000B4 78 28            [12]  457 	mov	r0,#_ID
      0000B6 E6               [12]  458 	mov	a,@r0
      0000B7 04               [12]  459 	inc	a
      0000B8 FF               [12]  460 	mov	r7,a
      0000B9                        461 00109$:
      0000B9 78 28            [12]  462 	mov	r0,#_ID
      0000BB A6 07            [24]  463 	mov	@r0,ar7
                                    464 ;	cooperative.c:74: if(bitmap[ID]>0) break;
      0000BD 78 28            [12]  465 	mov	r0,#_ID
      0000BF E6               [12]  466 	mov	a,@r0
      0000C0 24 24            [12]  467 	add	a,#_bitmap
      0000C2 F9               [12]  468 	mov	r1,a
      0000C3 87 07            [24]  469 	mov	ar7,@r1
      0000C5 C3               [12]  470 	clr	c
      0000C6 74 80            [12]  471 	mov	a,#(0x00 ^ 0x80)
      0000C8 8F F0            [24]  472 	mov	b,r7
      0000CA 63 F0 80         [24]  473 	xrl	b,#0x80
      0000CD 95 F0            [12]  474 	subb	a,b
      0000CF 50 DA            [24]  475 	jnc	00103$
                                    476 ;	cooperative.c:76: RESTORESTATE;
      0000D1 78 28            [12]  477 	mov	r0,#_ID
      0000D3 E6               [12]  478 	mov	a,@r0
      0000D4 24 20            [12]  479 	add	a,#_ssp
      0000D6 F9               [12]  480 	mov	r1,a
      0000D7 87 81            [24]  481 	mov	_SP,@r1
      0000D9 D0 D0            [24]  482 	pop PSW 
      0000DB D0 83            [24]  483 	pop DPH 
      0000DD D0 82            [24]  484 	pop DPL 
      0000DF D0 F0            [24]  485 	pop B 
      0000E1 D0 E0            [24]  486 	pop ACC 
      0000E3 22               [24]  487 	ret
                                    488 ;------------------------------------------------------------
                                    489 ;Allocation info for local variables in function 'ThreadExit'
                                    490 ;------------------------------------------------------------
                                    491 ;	cooperative.c:79: void ThreadExit(void) {
                                    492 ;	-----------------------------------------
                                    493 ;	 function ThreadExit
                                    494 ;	-----------------------------------------
      0000E4                        495 _ThreadExit:
                                    496 ;	cooperative.c:80: bitmap[ID] = 0;
      0000E4 78 28            [12]  497 	mov	r0,#_ID
      0000E6 E6               [12]  498 	mov	a,@r0
      0000E7 24 24            [12]  499 	add	a,#_bitmap
      0000E9 F8               [12]  500 	mov	r0,a
      0000EA 76 00            [12]  501 	mov	@r0,#0x00
                                    502 ;	cooperative.c:81: do {
      0000EC                        503 00103$:
                                    504 ;	cooperative.c:82: ID = (ID==MAXTHREADS-1) ? 0 : ID+1;
      0000EC 78 28            [12]  505 	mov	r0,#_ID
      0000EE B6 03 04         [24]  506 	cjne	@r0,#0x03,00108$
      0000F1 7F 00            [12]  507 	mov	r7,#0x00
      0000F3 80 05            [24]  508 	sjmp	00109$
      0000F5                        509 00108$:
      0000F5 78 28            [12]  510 	mov	r0,#_ID
      0000F7 E6               [12]  511 	mov	a,@r0
      0000F8 04               [12]  512 	inc	a
      0000F9 FF               [12]  513 	mov	r7,a
      0000FA                        514 00109$:
      0000FA 78 28            [12]  515 	mov	r0,#_ID
      0000FC A6 07            [24]  516 	mov	@r0,ar7
                                    517 ;	cooperative.c:83: if(bitmap[ID]>0) break;
      0000FE 78 28            [12]  518 	mov	r0,#_ID
      000100 E6               [12]  519 	mov	a,@r0
      000101 24 24            [12]  520 	add	a,#_bitmap
      000103 F9               [12]  521 	mov	r1,a
      000104 87 07            [24]  522 	mov	ar7,@r1
      000106 C3               [12]  523 	clr	c
      000107 74 80            [12]  524 	mov	a,#(0x00 ^ 0x80)
      000109 8F F0            [24]  525 	mov	b,r7
      00010B 63 F0 80         [24]  526 	xrl	b,#0x80
      00010E 95 F0            [12]  527 	subb	a,b
      000110 50 DA            [24]  528 	jnc	00103$
                                    529 ;	cooperative.c:85: RESTORESTATE;
      000112 78 28            [12]  530 	mov	r0,#_ID
      000114 E6               [12]  531 	mov	a,@r0
      000115 24 20            [12]  532 	add	a,#_ssp
      000117 F9               [12]  533 	mov	r1,a
      000118 87 81            [24]  534 	mov	_SP,@r1
      00011A D0 D0            [24]  535 	pop PSW 
      00011C D0 83            [24]  536 	pop DPH 
      00011E D0 82            [24]  537 	pop DPL 
      000120 D0 F0            [24]  538 	pop B 
      000122 D0 E0            [24]  539 	pop ACC 
      000124 22               [24]  540 	ret
                                    541 	.area CSEG    (CODE)
                                    542 	.area CONST   (CODE)
                                    543 	.area XINIT   (CODE)
                                    544 	.area CABS    (ABS,CODE)
